chapter_2/build/outputs/logs/manifest-merger-debug-report.txt
-- Merging decision tree log ---
manifest
ADDED from src\main\AndroidManifest.xml:2:1-130:12
	package
		ADDED from src\main\AndroidManifest.xml:3:11-38
		INJECTED from src\main\AndroidManifest.xml
		INJECTED from src\main\AndroidManifest.xml
	android:versionName
		ADDED from src\main\AndroidManifest.xml:5:11-36
		INJECTED from src\main\AndroidManifest.xml
		INJECTED from src\main\AndroidManifest.xml
	android:versionCode
		ADDED from src\main\AndroidManifest.xml:4:11-34
		INJECTED from src\main\AndroidManifest.xml
		INJECTED from src\main\AndroidManifest.xml
	xmlns:android
		ADDED from src\main\AndroidManifest.xml:2:11-69
uses-sdk
ADDED from src\main\AndroidManifest.xml:7:5-9:40
	android:targetSdkVersion
		ADDED from src\main\AndroidManifest.xml:9:9-38
		INJECTED from src\main\AndroidManifest.xml
		INJECTED from src\main\AndroidManifest.xml
	android:minSdkVersion
		ADDED from src\main\AndroidManifest.xml:8:9-34
		INJECTED from src\main\AndroidManifest.xml
		INJECTED from src\main\AndroidManifest.xml
permission#com.ryg.chapter_2.permission.ACCESS_BOOK_SERVICE
ADDED from src\main\AndroidManifest.xml:11:5-13:43
	android:protectionLevel
		ADDED from src\main\AndroidManifest.xml:13:9-41
	android:name
		ADDED from src\main\AndroidManifest.xml:12:9-72
permission#com.ryg.PROVIDER
ADDED from src\main\AndroidManifest.xml:14:5-16:43
	android:protectionLevel
		ADDED from src\main\AndroidManifest.xml:16:9-41
	android:name
		ADDED from src\main\AndroidManifest.xml:15:9-40
uses-permission#com.ryg.PROVIDER
ADDED from src\main\AndroidManifest.xml:18:5-55
	android:name
		ADDED from src\main\AndroidManifest.xml:18:22-53
uses-permission#com.ryg.chapter_2.permission.ACCESS_BOOK_SERVICE
ADDED from src\main\AndroidManifest.xml:19:5-87
	android:name
		ADDED from src\main\AndroidManifest.xml:19:22-85
uses-permission#android.permission.SET_WALLPAPER_HINTS
ADDED from src\main\AndroidManifest.xml:20:5-77
	android:name
		ADDED from src\main\AndroidManifest.xml:20:22-75
uses-permission#android.permission.SET_WALLPAPER
ADDED from src\main\AndroidManifest.xml:21:5-71
	android:name
		ADDED from src\main\AndroidManifest.xml:21:22-69
uses-permission#android.permission.BATTERY_STATS
ADDED from src\main\AndroidManifest.xml:22:5-71
	android:name
		ADDED from src\main\AndroidManifest.xml:22:22-69
uses-permission#android.permission.GET_PACKAGE_SIZE
ADDED from src\main\AndroidManifest.xml:23:5-74
	android:name
		ADDED from src\main\AndroidManifest.xml:23:22-72
uses-permission#android.permission.GET_TASKS
ADDED from src\main\AndroidManifest.xml:24:5-67
	android:name
		ADDED from src\main\AndroidManifest.xml:24:22-65
uses-permission#android.permission.RESTART_PACKAGES
ADDED from src\main\AndroidManifest.xml:25:5-74
	android:name
		ADDED from src\main\AndroidManifest.xml:25:22-72
uses-permission#android.permission.READ_PHONE_STATE
ADDED from src\main\AndroidManifest.xml:26:5-74
	android:name
		ADDED from src\main\AndroidManifest.xml:26:22-72
uses-permission#android.permission.INTERNET
ADDED from src\main\AndroidManifest.xml:27:5-66
	android:name
		ADDED from src\main\AndroidManifest.xml:27:22-64
uses-permission#android.permission.ACCESS_NETWORK_STATE
ADDED from src\main\AndroidManifest.xml:28:5-78
	android:name
		ADDED from src\main\AndroidManifest.xml:28:22-76
uses-permission#android.permission.CHANGE_NETWORK_STATE
ADDED from src\main\AndroidManifest.xml:29:5-78
	android:name
		ADDED from src\main\AndroidManifest.xml:29:22-76
uses-permission#android.permission.READ_EXTERNAL_STORAGE
ADDED from src\main\AndroidManifest.xml:30:5-79
	android:name
		ADDED from src\main\AndroidManifest.xml:30:22-77
uses-permission#android.permission.WRITE_EXTERNAL_STORAGE
ADDED from src\main\AndroidManifest.xml:31:5-80
	android:name
		ADDED from src\main\AndroidManifest.xml:31:22-78
uses-permission#android.permission.READ_LOGS
ADDED from src\main\AndroidManifest.xml:32:5-67
	android:name
		ADDED from src\main\AndroidManifest.xml:32:22-65
uses-permission#android.permission.READ_SMS
ADDED from src\main\AndroidManifest.xml:33:5-66
	android:name
		ADDED from src\main\AndroidManifest.xml:33:22-64
uses-permission#android.permission.READ_CONTACTS
ADDED from src\main\AndroidManifest.xml:34:5-71
	android:name
		ADDED from src\main\AndroidManifest.xml:34:22-69
uses-permission#android.permission.WRITE_SMS
ADDED from src\main\AndroidManifest.xml:35:5-67
	android:name
		ADDED from src\main\AndroidManifest.xml:35:22-65
uses-permission#android.permission.CHANGE_WIFI_MULTICAST_STATE
ADDED from src\main\AndroidManifest.xml:36:5-85
	android:name
		ADDED from src\main\AndroidManifest.xml:36:22-83
uses-permission#android.permission.CHANGE_WIFI_STATE
ADDED from src\main\AndroidManifest.xml:37:5-75
	android:name
		ADDED from src\main\AndroidManifest.xml:37:22-73
uses-permission#android.permission.ACCESS_WIFI_STATE
ADDED from src\main\AndroidManifest.xml:38:5-75
	android:name
		ADDED from src\main\AndroidManifest.xml:38:22-73
uses-permission#android.permission.KILL_BACKGROUND_PROCESSES
ADDED from src\main\AndroidManifest.xml:39:5-83
	android:name
		ADDED from src\main\AndroidManifest.xml:39:22-81
uses-permission#android.permission.ACCESS_FINE_LOCATION
ADDED from src\main\AndroidManifest.xml:40:5-78
	android:name
		ADDED from src\main\AndroidManifest.xml:40:22-76
uses-permission#android.permission.RECORD_AUDIO
ADDED from src\main\AndroidManifest.xml:41:5-70
	android:name
		ADDED from src\main\AndroidManifest.xml:41:22-68
uses-permission#android.permission.MODIFY_AUDIO_SETTINGS
ADDED from src\main\AndroidManifest.xml:42:5-79
	android:name
		ADDED from src\main\AndroidManifest.xml:42:22-77
uses-permission#android.permission.CHANGE_CONFIGURATION
ADDED from src\main\AndroidManifest.xml:43:5-78
	android:name
		ADDED from src\main\AndroidManifest.xml:43:22-76
uses-permission#com.android.launcher.permission.INSTALL_SHORTCUT
ADDED from src\main\AndroidManifest.xml:44:5-87
	android:name
		ADDED from src\main\AndroidManifest.xml:44:22-85
uses-permission#android.permission.EXPAND_STATUS_BAR
ADDED from src\main\AndroidManifest.xml:45:5-75
	android:name
		ADDED from src\main\AndroidManifest.xml:45:22-73
application
ADDED from src\main\AndroidManifest.xml:47:5-128:19
	android:label
		ADDED from src\main\AndroidManifest.xml:51:9-41
	android:allowBackup
		ADDED from src\main\AndroidManifest.xml:49:9-35
	android:icon
		ADDED from src\main\AndroidManifest.xml:50:9-45
	android:theme
		ADDED from src\main\AndroidManifest.xml:52:9-40
	android:name
		ADDED from src\main\AndroidManifest.xml:48:9-38
activity#com.ryg.chapter_2.MainActivity
ADDED from src\main\AndroidManifest.xml:53:9-59:20
	android:label
		ADDED from src\main\AndroidManifest.xml:56:13-45
	android:launchMode
		ADDED from src\main\AndroidManifest.xml:57:13-42
	android:configChanges
		ADDED from src\main\AndroidManifest.xml:55:13-59
	android:name
		ADDED from src\main\AndroidManifest.xml:54:13-41
activity#com.ryg.chapter_2.SecondActivity
ADDED from src\main\AndroidManifest.xml:60:9-64:40
	android:process
		ADDED from src\main\AndroidManifest.xml:64:13-38
	android:label
		ADDED from src\main\AndroidManifest.xml:63:13-45
	android:configChanges
		ADDED from src\main\AndroidManifest.xml:62:13-49
	android:name
		ADDED from src\main\AndroidManifest.xml:61:13-43
activity#com.ryg.chapter_2.ThirdActivity
ADDED from src\main\AndroidManifest.xml:65:9-69:57
	android:process
		ADDED from src\main\AndroidManifest.xml:69:13-55
	android:label
		ADDED from src\main\AndroidManifest.xml:68:13-45
	android:configChanges
		ADDED from src\main\AndroidManifest.xml:67:13-49
	android:name
		ADDED from src\main\AndroidManifest.xml:66:13-42
activity#com.ryg.chapter_2.aidl.BookManagerActivity
ADDED from src\main\AndroidManifest.xml:70:9-78:20
	android:label
		ADDED from src\main\AndroidManifest.xml:72:13-64
	android:name
		ADDED from src\main\AndroidManifest.xml:71:13-53
intent-filter#android.intent.action.MAIN+android.intent.category._LAUNCHER
ADDED from src\main\AndroidManifest.xml:73:13-77:29
action#android.intent.action.MAIN
ADDED from src\main\AndroidManifest.xml:74:17-68
	android:name
		ADDED from src\main\AndroidManifest.xml:74:25-66
category#android.intent.category._LAUNCHER
ADDED from src\main\AndroidManifest.xml:76:17-77
	android:name
		ADDED from src\main\AndroidManifest.xml:76:27-75
activity#com.ryg.chapter_2.messenger.MessengerActivity
ADDED from src\main\AndroidManifest.xml:79:9-83:20
	android:label
		ADDED from src\main\AndroidManifest.xml:81:13-61
	android:name
		ADDED from src\main\AndroidManifest.xml:80:13-56
service#com.ryg.chapter_2.messenger.MessengerService
ADDED from src\main\AndroidManifest.xml:85:9-89:19
	android:process
		ADDED from src\main\AndroidManifest.xml:87:13-38
	android:name
		ADDED from src\main\AndroidManifest.xml:86:13-55
service#com.ryg.chapter_2.aidl.BookManagerService
ADDED from src\main\AndroidManifest.xml:90:9-93:19
	android:process
		ADDED from src\main\AndroidManifest.xml:92:13-38
	android:name
		ADDED from src\main\AndroidManifest.xml:91:13-52
activity#com.ryg.chapter_2.provider.ProviderActivity
ADDED from src\main\AndroidManifest.xml:95:9-99:20
	android:label
		ADDED from src\main\AndroidManifest.xml:97:13-60
	android:name
		ADDED from src\main\AndroidManifest.xml:96:13-54
provider#com.ryg.chapter_2.provider.BookProvider
ADDED from src\main\AndroidManifest.xml:101:9-106:20
	android:authorities
		ADDED from src\main\AndroidManifest.xml:103:13-66
	android:process
		ADDED from src\main\AndroidManifest.xml:105:13-40
	android:permission
		ADDED from src\main\AndroidManifest.xml:104:13-50
	android:name
		ADDED from src\main\AndroidManifest.xml:102:13-50
service#com.ryg.chapter_2.socket.TCPServerService
ADDED from src\main\AndroidManifest.xml:108:9-110:40
	android:process
		ADDED from src\main\AndroidManifest.xml:110:13-38
	android:name
		ADDED from src\main\AndroidManifest.xml:109:13-52
activity#com.ryg.chapter_2.socket.TCPClientActivity
ADDED from src\main\AndroidManifest.xml:112:9-117:20
	android:label
		ADDED from src\main\AndroidManifest.xml:114:13-61
	android:windowSoftInputMode
		ADDED from src\main\AndroidManifest.xml:115:13-55
	android:name
		ADDED from src\main\AndroidManifest.xml:113:13-53
service#com.ryg.chapter_2.binderpool.BinderPoolService
ADDED from src\main\AndroidManifest.xml:119:9-121:40
	android:process
		ADDED from src\main\AndroidManifest.xml:121:13-38
	android:name
		ADDED from src\main\AndroidManifest.xml:120:13-57
activity#com.ryg.chapter_2.binderpool.BinderPoolActivity
ADDED from src\main\AndroidManifest.xml:123:9-127:20
	android:label
		ADDED from src\main\AndroidManifest.xml:125:13-63
	android:name
		ADDED from src\main\AndroidManifest.xml:124:13-58